\BOOKMARK [0][-]{section*.1}{List of Figures}{}% 1
\BOOKMARK [0][-]{section*.2}{List of Tables}{}% 2
\BOOKMARK [0][-]{chapter.1}{Introduction}{}% 3
\BOOKMARK [0][-]{chapter.2}{The LHC Experiment and the CMS Detector}{}% 4
\BOOKMARK [1][-]{section.2.1}{The LHC}{chapter.2}% 5
\BOOKMARK [2][-]{subsection.2.1.1}{LHCb}{section.2.1}% 6
\BOOKMARK [2][-]{subsection.2.1.2}{Atlas}{section.2.1}% 7
\BOOKMARK [2][-]{subsection.2.1.3}{ALICE}{section.2.1}% 8
\BOOKMARK [1][-]{section.2.2}{CMS}{chapter.2}% 9
\BOOKMARK [2][-]{subsection.2.2.1}{The Muon Detector}{section.2.2}% 10
\BOOKMARK [2][-]{subsection.2.2.2}{Ecal}{section.2.2}% 11
\BOOKMARK [2][-]{subsection.2.2.3}{HCal}{section.2.2}% 12
\BOOKMARK [2][-]{subsection.2.2.4}{Pixel Detector}{section.2.2}% 13
\BOOKMARK [0][-]{chapter.3}{The SM and BSM Theories}{}% 14
\BOOKMARK [0][-]{chapter.4}{Event generation, simulation and reconstruction}{}% 15
\BOOKMARK [0][-]{chapter.6}{Search for the particle}{}% 16
\BOOKMARK [0][-]{chapter.7}{More on the Analysis?}{}% 17
\BOOKMARK [1][-]{section.7.1}{Introduction}{chapter.7}% 18
\BOOKMARK [0][-]{chapter.8}{Module Production for the Phase 1 CMS Pixel Detector Uupgrade}{}% 19
\BOOKMARK [1][-]{section.8.1}{IV-Curve}{chapter.8}% 20
\BOOKMARK [1][-]{section.8.2}{visual inspections}{chapter.8}% 21
\BOOKMARK [1][-]{section.8.3}{Module assembly}{chapter.8}% 22
\BOOKMARK [1][-]{section.8.4}{Quality Control}{chapter.8}% 23
\BOOKMARK [0][-]{chapter.9}{Beam Test of the RD53 chip for CMS Pixel Detector Upgrade Phase 2}{}% 24
\BOOKMARK [1][-]{section.9.1}{Introduction}{chapter.9}% 25
\BOOKMARK [1][-]{section.9.2}{The RD53 Chip}{chapter.9}% 26
\BOOKMARK [1][-]{section.9.3}{Purpose of Test Beam}{chapter.9}% 27
\BOOKMARK [1][-]{section.9.4}{Test Beam Set Up}{chapter.9}% 28
\BOOKMARK [1][-]{section.9.5}{Results}{chapter.9}% 29
\BOOKMARK [0][-]{chapter.10}{Conclusions}{}% 30
\BOOKMARK [1][-]{section.10.1}{Analysis}{chapter.10}% 31
\BOOKMARK [1][-]{section.10.2}{Phase 1}{chapter.10}% 32
\BOOKMARK [1][-]{section.10.3}{Beam Test}{chapter.10}% 33
\BOOKMARK [0][-]{section.10.3}{Bibliography}{}% 34
\BOOKMARK [0][-]{section*.4}{References}{}% 35
