This is pdfTeX, Version 3.14159265-2.6-1.40.18 (TeX Live 2017/Debian) (preloaded format=pdflatex 2020.6.15)  30 AUG 2020 11:21
entering extended mode
 restricted \write18 enabled.
 %&-line parsing enabled.
**Main_Thesis.tex
(./Main_Thesis.tex
LaTeX2e <2017-04-15>
Babel <3.18> and hyphenation patterns for 84 language(s) loaded.
(./nuthesis.cls
Document Class: nuthesis 2013/05/23 v0.7.1 University of Nebraska Thesis class
(/usr/share/texlive/texmf-dist/tex/latex/base/ifthen.sty
Package: ifthen 2014/09/29 v1.1c Standard LaTeX ifthen package (DPC)
)
(/usr/share/texlive/texmf-dist/tex/latex/graphics/keyval.sty
Package: keyval 2014/10/28 v1.15 key=value parser (DPC)
\KV@toks@=\toks14
)
(/usr/share/texlive/texmf-dist/tex/latex/setspace/setspace.sty
Package: setspace 2011/12/19 v6.7a set line spacing
)
(/usr/share/texlive/texmf-dist/tex/latex/koma-script/scrtime.sty
Package: scrtime 2017/09/07 v3.24 KOMA-Script package (time of LaTeX run)

(/usr/share/texlive/texmf-dist/tex/latex/koma-script/scrkbase.sty
Package: scrkbase 2017/09/07 v3.24 KOMA-Script package (KOMA-Script-dependent b
asics and keyval usage)

(/usr/share/texlive/texmf-dist/tex/latex/koma-script/scrbase.sty
Package: scrbase 2017/09/07 v3.24 KOMA-Script package (KOMA-Script-independent 
basics and keyval usage)

(/usr/share/texlive/texmf-dist/tex/latex/koma-script/scrlfile.sty
Package: scrlfile 2017/09/07 v3.24 KOMA-Script package (loading files)
))))
(/usr/share/texlive/texmf-dist/tex/latex/memoir/memoir.cls
Document Class: memoir 2016/05/16 v3.7f configurable book, report, article docu
ment class
\onelineskip=\skip41
\lxvchars=\skip42
\xlvchars=\skip43
\@memcnta=\count79
\c@@memmarkcntra=\count80
(/usr/share/texlive/texmf-dist/tex/generic/oberdiek/ifpdf.sty
Package: ifpdf 2017/03/15 v3.2 Provides the ifpdf switch
)
(/usr/share/texlive/texmf-dist/tex/latex/ifetex/ifetex.sty
Package: ifetex 2011/12/15 v1.2 ifetex

(/usr/share/texlive/texmf-dist/tex/plain/ifetex/ifetex.tex))
(/usr/share/texlive/texmf-dist/tex/generic/ifxetex/ifxetex.sty
Package: ifxetex 2010/09/12 v0.6 Provides ifxetex conditional
)
(/usr/share/texlive/texmf-dist/tex/generic/oberdiek/ifluatex.sty
Package: ifluatex 2016/05/16 v1.4 Provides the ifluatex switch (HO)
Package ifluatex Info: LuaTeX not detected.
)
\stockheight=\skip44
\stockwidth=\skip45
\trimtop=\skip46
\trimedge=\skip47

(/usr/share/texlive/texmf-dist/tex/latex/memoir/mem12.clo
File: mem12.clo 2010/10/19 v0.4b memoir class 12pt size option
)
\binding=\skip48
\spinemargin=\skip49
\foremargin=\skip50
\uppermargin=\skip51
\lowermargin=\skip52
\headdrop=\skip53
\normalrulethickness=\skip54
\mem@maxheadheight=\skip55
\mem@maxfootheight=\skip56
\headwidth=\skip57
\c@storedpagenumber=\count81
\memPD=\dimen102
\m@mabparskip=\skip58
\thanksmarkwidth=\skip59
\thanksmarksep=\skip60
\droptitle=\skip61
\c@book=\count82
\c@part=\count83
\c@chapter=\count84
\c@section=\count85
\c@subsection=\count86
\c@subsubsection=\count87
\c@paragraph=\count88
\c@subparagraph=\count89
\beforechapskip=\skip62
\midchapskip=\skip63
\afterchapskip=\skip64
\chapindent=\skip65
\bottomsectionskip=\skip66
\secindent=\skip67
\beforesecskip=\skip68
\aftersecskip=\skip69
\subsecindent=\skip70
\beforesubsecskip=\skip71
\aftersubsecskip=\skip72
\subsubsecindent=\skip73
\beforesubsubsecskip=\skip74
\aftersubsubsecskip=\skip75
\paraindent=\skip76
\beforeparaskip=\skip77
\afterparaskip=\skip78
\subparaindent=\skip79
\beforesubparaskip=\skip80
\aftersubparaskip=\skip81
\pfbreakskip=\skip82
\c@@ppsavesec=\count90
\c@@ppsaveapp=\count91
\ragrparindent=\dimen103
\everylistparindent=\dimen104
\parsepi=\skip83
\topsepi=\skip84
\itemsepi=\skip85
\parsepii=\skip86
\topsepii=\skip87
\topsepiii=\skip88
\itemsepii=\skip89
\itemsepiii=\skip90
\partopsepii=\skip91
\partopsepiii=\skip92
\m@msavetopsep=\skip93
\m@msavepartopsep=\skip94
\@enLab=\toks15
\abstitleskip=\skip95
\absleftindent=\skip96
\abs@leftindent=\dimen105
\absrightindent=\skip97
\absparindent=\skip98
\absparsep=\skip99
\c@vslineno=\count92
\c@poemline=\count93
\c@modulo@vs=\count94
\c@memfvsline=\count95
\vleftskip=\skip100
\vrightskip=\skip101
\stanzaskip=\skip102
\versewidth=\skip103
\vgap=\skip104
\vindent=\skip105
\vleftmargin=\dimen106
\c@verse=\count96
\c@chrsinstr=\count97
\beforepoemtitleskip=\skip106
\afterpoemtitleskip=\skip107
\c@poem=\count98
\beforePoemTitleskip=\skip108
\midPoemTitleskip=\skip109
\afterPoemTitleskip=\skip110
\col@sep=\dimen107
\extrarowheight=\dimen108
\NC@list=\toks16
\extratabsurround=\skip111
\backup@length=\skip112
\TX@col@width=\dimen109
\TX@old@table=\dimen110
\TX@old@col=\dimen111
\TX@target=\dimen112
\TX@delta=\dimen113
\TX@cols=\count99
\TX@ftn=\toks17
\heavyrulewidth=\dimen114
\lightrulewidth=\dimen115
\cmidrulewidth=\dimen116
\belowrulesep=\dimen117
\belowbottomsep=\dimen118
\aboverulesep=\dimen119
\abovetopsep=\dimen120
\cmidrulesep=\dimen121
\cmidrulekern=\dimen122
\defaultaddspace=\dimen123
\@cmidla=\count100
\@cmidlb=\count101
\@aboverulesep=\dimen124
\@belowrulesep=\dimen125
\@thisruleclass=\count102
\@lastruleclass=\count103
\@thisrulewidth=\dimen126
\ctableftskip=\skip113
\ctabrightskip=\skip114
\abovecolumnspenalty=\count104
\@linestogo=\count105
\@cellstogo=\count106
\@cellsincolumn=\count107
\crtok=\toks18
\@mincolumnwidth=\dimen127
\c@newflo@tctr=\count108
\mem@margin@floatbox=\box26
\@contcwidth=\skip115
\@contindw=\skip116
\abovecaptionskip=\skip117
\belowcaptionskip=\skip118
\subfloattopskip=\skip119
\subfloatcapskip=\skip120
\subfloatcaptopadj=\skip121
\subfloatbottomskip=\skip122
\subfloatlabelskip=\skip123
\subfloatcapmargin=\dimen128
\c@@contsubnum=\count109
\m@mscap@capbox=\box27
\m@mscap@fbox=\box28
\sidecapsep=\dimen129
\sidecapwidth=\dimen130
\m@m@tempdima=\dimen131
\m@mscapraise=\dimen132
\sidecapraise=\dimen133
\m@mscapmainwidth=\dimen134
\m@mscaplkern=\dimen135
\beforeepigraphskip=\skip124
\afterepigraphskip=\skip125
\epigraphwidth=\skip126
\epigraphrule=\skip127
LaTeX Info: Redefining \em on input line 7551.
LaTeX Info: Redefining \emph on input line 7559.
\tocentryskip=\skip128
\tocbaseline=\skip129
\cftparskip=\skip130
\cftbeforebookskip=\skip131
\cftbookindent=\dimen136
\cftbooknumwidth=\dimen137
\cftbeforepartskip=\skip132
\cftpartindent=\skip133
\cftpartnumwidth=\skip134
\cftbeforechapterskip=\skip135
\cftchapterindent=\skip136
\cftchapternumwidth=\skip137
\cftbeforesectionskip=\skip138
\cftsectionindent=\skip139
\cftsectionnumwidth=\skip140
\cftbeforesubsectionskip=\skip141
\cftsubsectionindent=\skip142
\cftsubsectionnumwidth=\skip143
\cftbeforesubsubsectionskip=\skip144
\cftsubsubsectionindent=\skip145
\cftsubsubsectionnumwidth=\skip146
\cftbeforeparagraphskip=\skip147
\cftparagraphindent=\skip148
\cftparagraphnumwidth=\skip149
\cftbeforesubparagraphskip=\skip150
\cftsubparagraphindent=\skip151
\cftsubparagraphnumwidth=\skip152
\prechapterprecisshift=\dimen138
\c@maxsecnumdepth=\count110
\bibindent=\dimen139
\bibitemsep=\skip153
\indexcolsep=\skip154
\indexrule=\skip155
\indexmarkstyle=\toks19
\@indexbox=\insert199
\glossarycolsep=\dimen140
\glossaryrule=\dimen141
\sideparvshift=\skip156
\sideins=\insert198
\sidebartopsep=\skip157
\sidebarhsep=\skip158
\sidebarvsep=\skip159
\sidebarwidth=\skip160
\footmarkwidth=\skip161
\footmarksep=\skip162
\footparindent=\skip163
\footinsdim=\skip164
\footinsv@r=\insert197
\@mpfootinsv@r=\insert196
\m@m@k=\count111
\m@m@h=\dimen142
\m@mipn@skip=\skip165
\sidefootins=\insert195
\sidefootadjust=\skip166
\sidefootheight=\skip167
\sidefoothsep=\skip168
\sidefootvsep=\skip169
\sidefootwidth=\skip170
\m@mdownsf=\skip171
\c@sidefootnote=\count112
\sidefootmarkwidth=\skip172
\sidefootmarksep=\skip173
\sidefootparindent=\skip174
\c@pagenote=\count113
\c@pagenoteshadow=\count114
\mem@pn@lastkern=\skip175
\every@verbatim=\toks20
\afterevery@verbatim=\toks21
\verbatim@line=\toks22
\tab@position=\count115
\verbatim@in@stream=\read1
\verbatimindent=\skip176
\verbatim@out=\write3
\bvboxsep=\skip177
\c@memfbvline=\count116
\c@bvlinectr=\count117
\bvnumlength=\skip178
\fb@frw=\dimen143
\fb@frh=\dimen144
\FrameRule=\dimen145
\FrameSep=\dimen146
\c@cp@cntr=\count118
LaTeX Info: Redefining \: on input line 12068.
LaTeX Info: Redefining \! on input line 12070.
\c@ism@mctr=\count119
\c@xsm@mctr=\count120
\c@csm@mctr=\count121
\c@ksm@mctr=\count122
\c@xksm@mctr=\count123
\c@cksm@mctr=\count124
\c@msm@mctr=\count125
\c@xmsm@mctr=\count126
\c@cmsm@mctr=\count127
\c@bsm@mctr=\count128
\c@workm@mctr=\count129
\c@sheetsequence=\count130
\c@lastsheet=\count131
\c@lastpage=\count132
\c@figure=\count133
\c@lofdepth=\count134
\cftbeforefigureskip=\skip179
\cftfigureindent=\skip180
\cftfigurenumwidth=\skip181
\c@table=\count135
\c@lotdepth=\count136
\cftbeforetableskip=\skip182
\cfttableindent=\skip183
\cfttablenumwidth=\skip184
Package abstract [2008/07/23] emulated by memoir.
Package appendix [2008/07/23] emulated by memoir.
Package array [2008/09/09] emulated by memoir.
Package booktabs [2016/05/16] emulated by memoir.
Package ccaption [2008/07/23] emulated by memoir.
Package changepage [2008/07/23] emulated by memoir.
Package chngcntr [2008/07/23] emulated by memoir.
Package chngpage [2008/07/23] emulated by memoir.
Package crop emulated by memoir.
Package dcolumn [2008/07/23] emulated by memoir.
Package delarray [2008/07/23] emulated by memoir.
Package enumerate [2008/07/23] emulated by memoir.
Package epigraph [2008/07/23] emulated by memoir.
Package ifmtarg [2008/07/23] emulated by memoir.
Package index [2008/07/23] emulated by memoir.
Package makeidx [2008/07/23] emulated by memoir.
Package moreverb [2008/07/23] emulated by memoir.
Package mparhack [2008/07/23] emulated by memoir.
Package needspace [2008/07/23] emulated by memoir.
Package newfile [2008/07/23] emulated by memoir.
Package nextpage [2008/07/23] emulated by memoir.
Package pagenote [2008/07/23] emulated by memoir.
Package parskip [2008/07/23] emulated by memoir.
Package patchcmd [2008/07/23] emulated by memoir.
Package setspace [2008/07/23] emulated by memoir.
Package shortvrb [2008/07/23] emulated by memoir.
Package showidx [2008/07/23] emulated by memoir.
Package tabularx [2008/07/23] emulated by memoir.
Package titleref [2008/07/23] emulated by memoir.
Package titling [2008/07/23] emulated by memoir.
Package tocbibind [2008/07/23] emulated by memoir.
Package tocloft [2008/07/23] emulated by memoir.
Package tocvsec2 [2008/07/23] emulated by memoir.
Package verbatim [2008/07/23] emulated by memoir.
Package verse [2008/07/23] emulated by memoir.

(/usr/share/texlive/texmf-dist/tex/latex/memoir/mempatch.sty
Package: mempatch 2009/07/24 v6.0f Patches for memoir class v1.6180339
))
(/usr/share/texlive/texmf-dist/tex/latex/geometry/geometry.sty
Package: geometry 2010/09/12 v5.6 Page Geometry

(/usr/share/texlive/texmf-dist/tex/generic/oberdiek/ifvtex.sty
Package: ifvtex 2016/05/16 v1.6 Detect VTeX and its facilities (HO)
Package ifvtex Info: VTeX not detected.
)
\Gm@cnth=\count137
\Gm@cntv=\count138
\c@Gm@tempcnt=\count139
\Gm@bindingoffset=\dimen147
\Gm@wd@mp=\dimen148
\Gm@odd@mp=\dimen149
\Gm@even@mp=\dimen150
\Gm@layoutwidth=\dimen151
\Gm@layoutheight=\dimen152
\Gm@layouthoffset=\dimen153
\Gm@layoutvoffset=\dimen154
\Gm@dimlist=\toks23
))
(/usr/share/texlive/texmf-dist/tex/latex/graphics/graphicx.sty
Package: graphicx 2017/06/01 v1.1a Enhanced LaTeX Graphics (DPC,SPQR)

(/usr/share/texlive/texmf-dist/tex/latex/graphics/graphics.sty
Package: graphics 2017/06/25 v1.2c Standard LaTeX Graphics (DPC,SPQR)

(/usr/share/texlive/texmf-dist/tex/latex/graphics/trig.sty
Package: trig 2016/01/03 v1.10 sin cos tan (DPC)
)
(/usr/share/texlive/texmf-dist/tex/latex/graphics-cfg/graphics.cfg
File: graphics.cfg 2016/06/04 v1.11 sample graphics configuration
)
Package graphics Info: Driver file: pdftex.def on input line 99.

(/usr/share/texlive/texmf-dist/tex/latex/graphics-def/pdftex.def
File: pdftex.def 2018/01/08 v1.0l Graphics/color driver for pdftex
))
\Gin@req@height=\dimen155
\Gin@req@width=\dimen156
)
(/usr/share/texlive/texmf-dist/tex/latex/psnfss/times.sty
Package: times 2005/04/12 PSNFSS-v9.2a (SPQR) 
)
(/usr/share/texlive/texmf-dist/tex/latex/oberdiek/epstopdf.sty
Package: epstopdf 2016/05/15 v2.6 Conversion with epstopdf on the fly (HO)

(/usr/share/texlive/texmf-dist/tex/latex/oberdiek/epstopdf-base.sty
Package: epstopdf-base 2016/05/15 v2.6 Base part for package epstopdf

(/usr/share/texlive/texmf-dist/tex/generic/oberdiek/infwarerr.sty
Package: infwarerr 2016/05/16 v1.4 Providing info/warning/error messages (HO)
)
(/usr/share/texlive/texmf-dist/tex/latex/oberdiek/grfext.sty
Package: grfext 2016/05/16 v1.2 Manage graphics extensions (HO)

(/usr/share/texlive/texmf-dist/tex/generic/oberdiek/kvdefinekeys.sty
Package: kvdefinekeys 2016/05/16 v1.4 Define keys (HO)

(/usr/share/texlive/texmf-dist/tex/generic/oberdiek/ltxcmds.sty
Package: ltxcmds 2016/05/16 v1.23 LaTeX kernel commands for general use (HO)
)))
(/usr/share/texlive/texmf-dist/tex/latex/oberdiek/kvoptions.sty
Package: kvoptions 2016/05/16 v3.12 Key value format for package options (HO)

(/usr/share/texlive/texmf-dist/tex/generic/oberdiek/kvsetkeys.sty
Package: kvsetkeys 2016/05/16 v1.17 Key value parser (HO)

(/usr/share/texlive/texmf-dist/tex/generic/oberdiek/etexcmds.sty
Package: etexcmds 2016/05/16 v1.6 Avoid name clashes with e-TeX commands (HO)
Package etexcmds Info: Could not find \expanded.
(etexcmds)             That can mean that you are not using pdfTeX 1.50 or
(etexcmds)             that some package has redefined \expanded.
(etexcmds)             In the latter case, load this package earlier.
)))
(/usr/share/texlive/texmf-dist/tex/generic/oberdiek/pdftexcmds.sty
Package: pdftexcmds 2018/01/21 v0.26 Utility functions of pdfTeX for LuaTeX (HO
)
Package pdftexcmds Info: LuaTeX not detected.
Package pdftexcmds Info: \pdf@primitive is available.
Package pdftexcmds Info: \pdf@ifprimitive is available.
Package pdftexcmds Info: \pdfdraftmode found.
)
Package epstopdf-base Info: Redefining graphics rule for `.eps' on input line 4
38.
Package grfext Info: Graphics extension search list:
(grfext)             [.pdf,.png,.jpg,.mps,.jpeg,.jbig2,.jb2,.PDF,.PNG,.JPG,.JPE
G,.JBIG2,.JB2,.eps]
(grfext)             \AppendGraphicsExtensions on input line 456.

(/usr/share/texlive/texmf-dist/tex/latex/latexconfig/epstopdf-sys.cfg
File: epstopdf-sys.cfg 2010/07/13 v1.3 Configuration of (r)epstopdf for TeX Liv
e
)))
(/usr/share/texlive/texmf-dist/tex/latex/amsmath/amsmath.sty
Package: amsmath 2017/09/02 v2.17a AMS math features
\@mathmargin=\skip185

For additional information on amsmath, use the `?' option.
(/usr/share/texlive/texmf-dist/tex/latex/amsmath/amstext.sty
Package: amstext 2000/06/29 v2.01 AMS text

(/usr/share/texlive/texmf-dist/tex/latex/amsmath/amsgen.sty
File: amsgen.sty 1999/11/30 v2.0 generic functions
\@emptytoks=\toks24
\ex@=\dimen157
))
(/usr/share/texlive/texmf-dist/tex/latex/amsmath/amsbsy.sty
Package: amsbsy 1999/11/29 v1.2d Bold Symbols
\pmbraise@=\dimen158
)
(/usr/share/texlive/texmf-dist/tex/latex/amsmath/amsopn.sty
Package: amsopn 2016/03/08 v2.02 operator names
)
\inf@bad=\count140
LaTeX Info: Redefining \frac on input line 213.
\uproot@=\count141
\leftroot@=\count142
LaTeX Info: Redefining \overline on input line 375.
\classnum@=\count143
\DOTSCASE@=\count144
LaTeX Info: Redefining \ldots on input line 472.
LaTeX Info: Redefining \dots on input line 475.
LaTeX Info: Redefining \cdots on input line 596.
\Mathstrutbox@=\box29
\strutbox@=\box30
\big@size=\dimen159
LaTeX Font Info:    Redeclaring font encoding OML on input line 712.
LaTeX Font Info:    Redeclaring font encoding OMS on input line 713.
\macc@depth=\count145
\c@MaxMatrixCols=\count146
\dotsspace@=\muskip10
\c@parentequation=\count147
\dspbrk@lvl=\count148
\tag@help=\toks25
\row@=\count149
\column@=\count150
\maxfields@=\count151
\andhelp@=\toks26
\eqnshift@=\dimen160
\alignsep@=\dimen161
\tagshift@=\dimen162
\tagwidth@=\dimen163
\totwidth@=\dimen164
\lineht@=\dimen165
\@envbody=\toks27
\multlinegap=\skip186
\multlinetaggap=\skip187
\mathdisplay@stack=\toks28
LaTeX Info: Redefining \[ on input line 2817.
LaTeX Info: Redefining \] on input line 2818.
)
(/usr/share/texlive/texmf-dist/tex/latex/algorithms/algorithm.sty
Package: algorithm 2009/08/24 v0.1 Document Style `algorithm' - floating enviro
nment

(/usr/share/texlive/texmf-dist/tex/latex/float/float.sty
Package: float 2001/11/08 v1.3d Float enhancements (AL)
\c@float@type=\count152
\float@exts=\toks29
\float@box=\box31
\@float@everytoks=\toks30
\@floatcapt=\box32
)
\@float@every@algorithm=\toks31
\c@algorithm=\count153
)
(/usr/share/texlive/texmf-dist/tex/latex/algorithmicx/algpseudocode.sty
Package: algpseudocode 

(/usr/share/texlive/texmf-dist/tex/latex/algorithmicx/algorithmicx.sty
Package: algorithmicx 2005/04/27 v1.2 Algorithmicx

Document Style algorithmicx 1.2 - a greatly improved `algorithmic' style
\c@ALG@line=\count154
\c@ALG@rem=\count155
\c@ALG@nested=\count156
\ALG@tlm=\skip188
\ALG@thistlm=\skip189
\c@ALG@Lnr=\count157
\c@ALG@blocknr=\count158
\c@ALG@storecount=\count159
\c@ALG@tmpcounter=\count160
\ALG@tmplength=\skip190
)
Document Style - pseudocode environments for use with the `algorithmicx' style
) (/usr/share/texlive/texmf-dist/tex/generic/babel/babel.sty
Package: babel 2018/02/14 3.18 The Babel package

(/usr/share/texlive/texmf-dist/tex/generic/babel/switch.def
File: switch.def 2018/02/14 3.18 Babel switching mechanism
)
(/usr/share/texlive/texmf-dist/tex/generic/babel-english/english.ldf
Language: english 2017/06/06 v3.3r English support from the babel system

(/usr/share/texlive/texmf-dist/tex/generic/babel/babel.def
File: babel.def 2018/02/14 3.18 Babel common definitions
\babel@savecnt=\count161
\U@D=\dimen166

(/usr/share/texlive/texmf-dist/tex/generic/babel/txtbabel.def)
\bbl@dirlevel=\count162
)
\l@canadian = a dialect from \language\l@american 
\l@australian = a dialect from \language\l@british 
\l@newzealand = a dialect from \language\l@british 
))
(/usr/share/texlive/texmf-dist/tex/latex/base/fontenc.sty
Package: fontenc 2017/04/05 v2.0i Standard LaTeX package

(/usr/share/texlive/texmf-dist/tex/latex/base/t1enc.def
File: t1enc.def 2017/04/05 v2.0i Standard LaTeX file
LaTeX Font Info:    Redeclaring font encoding T1 on input line 48.
))
(/usr/share/texlive/texmf-dist/tex/latex/base/latexsym.sty
Package: latexsym 1998/08/17 v2.2e Standard LaTeX package (lasy symbols)
\symlasy=\mathgroup4
LaTeX Font Info:    Overwriting symbol font `lasy' in version `bold'
(Font)                  U/lasy/m/n --> U/lasy/b/n on input line 52.
)
(/usr/share/texlive/texmf-dist/tex/latex/amscls/amsthm.sty
Package: amsthm 2017/10/31 v2.20.4
\thm@style=\toks32
\thm@bodyfont=\toks33
\thm@headfont=\toks34
\thm@notefont=\toks35
\thm@headpunct=\toks36
\thm@preskip=\skip191
\thm@postskip=\skip192
\thm@headsep=\skip193
\dth@everypar=\toks37
)
(/usr/share/texlive/texmf-dist/tex/latex/amsfonts/amsfonts.sty
Package: amsfonts 2013/01/14 v3.01 Basic AMSFonts support
\symAMSa=\mathgroup5
\symAMSb=\mathgroup6
LaTeX Font Info:    Overwriting math alphabet `\mathfrak' in version `bold'
(Font)                  U/euf/m/n --> U/euf/b/n on input line 106.
)
(/usr/share/texlive/texmf-dist/tex/latex/graphics/epsfig.sty
Package: epsfig 2017/06/25 v1.7b (e)psfig emulation (SPQR)
\epsfxsize=\dimen167
\epsfysize=\dimen168
)
(/usr/share/texlive/texmf-dist/tex/latex/hyperref/hyperref.sty
Package: hyperref 2018/02/06 v6.86b Hypertext links for LaTeX

(/usr/share/texlive/texmf-dist/tex/generic/oberdiek/hobsub-hyperref.sty
Package: hobsub-hyperref 2016/05/16 v1.14 Bundle oberdiek, subset hyperref (HO)


(/usr/share/texlive/texmf-dist/tex/generic/oberdiek/hobsub-generic.sty
Package: hobsub-generic 2016/05/16 v1.14 Bundle oberdiek, subset generic (HO)
Package: hobsub 2016/05/16 v1.14 Construct package bundles (HO)
Package hobsub Info: Skipping package `infwarerr' (already loaded).
Package hobsub Info: Skipping package `ltxcmds' (already loaded).
Package hobsub Info: Skipping package `ifluatex' (already loaded).
Package hobsub Info: Skipping package `ifvtex' (already loaded).
Package: intcalc 2016/05/16 v1.2 Expandable calculations with integers (HO)
Package hobsub Info: Skipping package `ifpdf' (already loaded).
Package hobsub Info: Skipping package `etexcmds' (already loaded).
Package hobsub Info: Skipping package `kvsetkeys' (already loaded).
Package hobsub Info: Skipping package `kvdefinekeys' (already loaded).
Package hobsub Info: Skipping package `pdftexcmds' (already loaded).
Package: pdfescape 2016/05/16 v1.14 Implements pdfTeX's escape features (HO)
Package: bigintcalc 2016/05/16 v1.4 Expandable calculations on big integers (HO
)
Package: bitset 2016/05/16 v1.2 Handle bit-vector datatype (HO)
Package: uniquecounter 2016/05/16 v1.3 Provide unlimited unique counter (HO)
)
Package hobsub Info: Skipping package `hobsub' (already loaded).
Package: letltxmacro 2016/05/16 v1.5 Let assignment for LaTeX macros (HO)
Package: hopatch 2016/05/16 v1.3 Wrapper for package hooks (HO)
Package: xcolor-patch 2016/05/16 xcolor patch
Package: atveryend 2016/05/16 v1.9 Hooks at the very end of document (HO)
Package atveryend Info: \enddocument detected (standard20110627).
Package: atbegshi 2016/06/09 v1.18 At begin shipout hook (HO)
Package: refcount 2016/05/16 v3.5 Data extraction from label references (HO)
Package: hycolor 2016/05/16 v1.8 Color options for hyperref/bookmark (HO)
)
(/usr/share/texlive/texmf-dist/tex/latex/oberdiek/auxhook.sty
Package: auxhook 2016/05/16 v1.4 Hooks for auxiliary files (HO)
)
\@linkdim=\dimen169
\Hy@linkcounter=\count163
\Hy@pagecounter=\count164

(/usr/share/texlive/texmf-dist/tex/latex/hyperref/pd1enc.def
File: pd1enc.def 2018/02/06 v6.86b Hyperref: PDFDocEncoding definition (HO)
)
\Hy@SavedSpaceFactor=\count165

(/usr/share/texlive/texmf-dist/tex/latex/latexconfig/hyperref.cfg
File: hyperref.cfg 2002/06/06 v1.2 hyperref configuration of TeXLive
)
Package hyperref Info: Hyper figures OFF on input line 4509.
Package hyperref Info: Link nesting OFF on input line 4514.
Package hyperref Info: Hyper index ON on input line 4517.
Package hyperref Info: Plain pages OFF on input line 4524.
Package hyperref Info: Backreferencing OFF on input line 4529.
Package hyperref Info: Implicit mode ON; LaTeX internals redefined.
Package hyperref Info: Bookmarks ON on input line 4762.
\c@Hy@tempcnt=\count166

(/usr/share/texlive/texmf-dist/tex/latex/url/url.sty
\Urlmuskip=\muskip11
Package: url 2013/09/16  ver 3.4  Verb mode for urls, etc.
)
LaTeX Info: Redefining \url on input line 5115.
\XeTeXLinkMargin=\dimen170
\Fld@menulength=\count167
\Field@Width=\dimen171
\Fld@charsize=\dimen172
Package hyperref Info: Hyper figures OFF on input line 6369.
Package hyperref Info: Link nesting OFF on input line 6374.
Package hyperref Info: Hyper index ON on input line 6377.
Package hyperref Info: backreferencing OFF on input line 6384.
Package hyperref Info: Link coloring OFF on input line 6389.
Package hyperref Info: Link coloring with OCG OFF on input line 6394.
Package hyperref Info: PDF/A mode OFF on input line 6399.
LaTeX Info: Redefining \ref on input line 6439.
LaTeX Info: Redefining \pageref on input line 6443.
\Hy@abspage=\count168
\c@Item=\count169
\c@Hfootnote=\count170
)
(/usr/share/texlive/texmf-dist/tex/latex/memoir/memhfixc.sty
Package: memhfixc 2013/05/30 v1.17 nameref/hyperref package fixes for memoir cl
ass
\c@memhycontfloat=\count171
\c@Hpagenote=\count172
)
Package hyperref Info: Driver (autodetected): hpdftex.

(/usr/share/texlive/texmf-dist/tex/latex/hyperref/hpdftex.def
File: hpdftex.def 2018/02/06 v6.86b Hyperref driver for pdfTeX
\Fld@listcount=\count173
\c@bookmark@seq@number=\count174

(/usr/share/texlive/texmf-dist/tex/latex/oberdiek/rerunfilecheck.sty
Package: rerunfilecheck 2016/05/16 v1.8 Rerun checks for auxiliary files (HO)
Package uniquecounter Info: New unique counter `rerunfilecheck' on input line 2
82.
)
\Hy@SectionHShift=\skip194
)
(/usr/share/texlive/texmf-dist/tex/latex/amsfonts/amssymb.sty
Package: amssymb 2013/01/14 v3.01 AMS font symbols
)
(/usr/share/texlive/texmf-dist/tex/latex/graphics/color.sty
Package: color 2016/07/10 v1.1e Standard LaTeX Color (DPC)

(/usr/share/texlive/texmf-dist/tex/latex/graphics-cfg/color.cfg
File: color.cfg 2016/01/02 v1.6 sample color configuration
)
Package color Info: Driver file: pdftex.def on input line 147.
)
(/usr/share/texlive/texmf-dist/tex/latex/footmisc/footmisc.sty
Package: footmisc 2011/06/06 v5.5b a miscellany of footnote facilities
\FN@temptoken=\toks38
\footnotemargin=\dimen173
\c@pp@next@reset=\count175
Package footmisc Info: Declaring symbol style bringhurst on input line 855.
Package footmisc Info: Declaring symbol style chicago on input line 863.
Package footmisc Info: Declaring symbol style wiley on input line 872.
Package footmisc Info: Declaring symbol style lamport-robust on input line 883.

Package footmisc Info: Declaring symbol style lamport* on input line 903.
Package footmisc Info: Declaring symbol style lamport*-robust on input line 924
.
)

Class memoir Warning: You are using the caption package with the memoir class. 
To prepare we will now reset all captioning macros and configurations to kernel
 defaults, and then let the caption package take over. Please remember to use
 the caption package interfaces in order to
 configure your captions.

(/usr/share/texlive/texmf-dist/tex/latex/caption/caption.sty
Package: caption 2016/02/21 v3.3-144 Customizing captions (AR)

(/usr/share/texlive/texmf-dist/tex/latex/caption/caption3.sty
Package: caption3 2016/05/22 v1.7-166 caption3 kernel (AR)
Package caption3 Info: TeX engine: e-TeX on input line 67.
\captionmargin=\dimen174
\captionmargin@=\dimen175
\captionwidth=\dimen176
\caption@tempdima=\dimen177
\caption@indent=\dimen178
\caption@parindent=\dimen179
\caption@hangindent=\dimen180
)
\c@ContinuedFloat=\count176
Package caption Info: float package is loaded.
Package caption Info: hyperref package is loaded.
)
(/usr/share/texlive/texmf-dist/tex/latex/psnfss/pifont.sty
Package: pifont 2005/04/12 PSNFSS-v9.2a Pi font support (SPQR) 
LaTeX Font Info:    Try loading font information for U+pzd on input line 63.

(/usr/share/texlive/texmf-dist/tex/latex/psnfss/upzd.fd
File: upzd.fd 2001/06/04 font definitions for U/pzd.
)
LaTeX Font Info:    Try loading font information for U+psy on input line 64.

(/usr/share/texlive/texmf-dist/tex/latex/psnfss/upsy.fd
File: upsy.fd 2001/06/04 font definitions for U/psy.
))
(/usr/share/texlive/texmf-dist/tex/latex/multirow/multirow.sty
Package: multirow 2016/11/25 v2.2 Span multiple rows of a table
\multirow@colwidth=\skip256
\multirow@cntb=\count177
\multirow@dima=\skip257
\bigstrutjot=\dimen181
)
(/usr/share/texlive/texmf-dist/tex/latex/tools/xspace.sty
Package: xspace 2014/10/28 v1.13 Space after command names (DPC,MH)
)
(/usr/share/texmf/tex/latex/lm/lmodern.sty
Package: lmodern 2009/10/30 v1.6 Latin Modern Fonts
LaTeX Font Info:    Overwriting symbol font `operators' in version `normal'
(Font)                  OT1/cmr/m/n --> OT1/lmr/m/n on input line 22.
LaTeX Font Info:    Overwriting symbol font `letters' in version `normal'
(Font)                  OML/cmm/m/it --> OML/lmm/m/it on input line 23.
LaTeX Font Info:    Overwriting symbol font `symbols' in version `normal'
(Font)                  OMS/cmsy/m/n --> OMS/lmsy/m/n on input line 24.
LaTeX Font Info:    Overwriting symbol font `largesymbols' in version `normal'
(Font)                  OMX/cmex/m/n --> OMX/lmex/m/n on input line 25.
LaTeX Font Info:    Overwriting symbol font `operators' in version `bold'
(Font)                  OT1/cmr/bx/n --> OT1/lmr/bx/n on input line 26.
LaTeX Font Info:    Overwriting symbol font `letters' in version `bold'
(Font)                  OML/cmm/b/it --> OML/lmm/b/it on input line 27.
LaTeX Font Info:    Overwriting symbol font `symbols' in version `bold'
(Font)                  OMS/cmsy/b/n --> OMS/lmsy/b/n on input line 28.
LaTeX Font Info:    Overwriting symbol font `largesymbols' in version `bold'
(Font)                  OMX/cmex/m/n --> OMX/lmex/m/n on input line 29.
LaTeX Font Info:    Overwriting math alphabet `\mathbf' in version `normal'
(Font)                  OT1/cmr/bx/n --> OT1/lmr/bx/n on input line 31.
LaTeX Font Info:    Overwriting math alphabet `\mathsf' in version `normal'
(Font)                  OT1/cmss/m/n --> OT1/lmss/m/n on input line 32.
LaTeX Font Info:    Overwriting math alphabet `\mathit' in version `normal'
(Font)                  OT1/cmr/m/it --> OT1/lmr/m/it on input line 33.
LaTeX Font Info:    Overwriting math alphabet `\mathtt' in version `normal'
(Font)                  OT1/cmtt/m/n --> OT1/lmtt/m/n on input line 34.
LaTeX Font Info:    Overwriting math alphabet `\mathbf' in version `bold'
(Font)                  OT1/cmr/bx/n --> OT1/lmr/bx/n on input line 35.
LaTeX Font Info:    Overwriting math alphabet `\mathsf' in version `bold'
(Font)                  OT1/cmss/bx/n --> OT1/lmss/bx/n on input line 36.
LaTeX Font Info:    Overwriting math alphabet `\mathit' in version `bold'
(Font)                  OT1/cmr/bx/it --> OT1/lmr/bx/it on input line 37.
LaTeX Font Info:    Overwriting math alphabet `\mathtt' in version `bold'
(Font)                  OT1/cmtt/m/n --> OT1/lmtt/m/n on input line 38.
)
(/usr/share/texlive/texmf-dist/tex/latex/cite/cite.sty
LaTeX Info: Redefining \cite on input line 302.
LaTeX Info: Redefining \nocite on input line 332.
Package: cite 2015/02/27  v 5.5
)
(/usr/share/texlive/texmf-dist/tex/latex/lineno/lineno.sty
Package: lineno 2005/11/02 line numbers on paragraphs v4.41
\linenopenalty=\count178
\output=\toks39
\linenoprevgraf=\count179
\linenumbersep=\dimen182
\linenumberwidth=\dimen183
\c@linenumber=\count180
\c@pagewiselinenumber=\count181
\c@LN@truepage=\count182
\c@internallinenumber=\count183
\c@internallinenumbers=\count184
\quotelinenumbersep=\dimen184
\bframerule=\dimen185
\bframesep=\dimen186
\bframebox=\box33
LaTeX Info: Redefining \\ on input line 3056.
)
(/usr/share/texlive/texmf-dist/tex/latex/arydshln/arydshln.sty
Package: arydshln 2016/04/28 v1.73 
\dashlinedash=\dimen187
\dashlinegap=\dimen188
\adl@box=\box34
\adl@height=\dimen189
\adl@heightsave=\dimen190
\adl@depth=\dimen191
\adl@depthsave=\dimen192
\adl@finaldepth=\dimen193
\adl@columns=\count185
\adl@ncol=\count186
\adl@currentcolumn=\count187
\adl@currentcolumnsave=\count188
\adl@totalheight=\count189
\adl@totalheightsave=\count190
\adl@dash=\count191
\adl@gap=\count192
\adl@cla=\count193
\adl@clb=\count194
\adl@everyvbox=\toks40
\adl@LTpagetotal=\dimen194
)
(/usr/share/texlive/texmf-dist/tex/latex/carlisle/slashed.sty
Package: slashed 1997/01/16 v0.01 Feynman Slashed Character Notation (DPC)
)
(/usr/share/texlive/texmf-dist/tex/latex/tools/bm.sty
Package: bm 2017/01/16 v1.2c Bold Symbol Support (DPC/FMi)
\symboldoperators=\mathgroup7
\symboldletters=\mathgroup8
\symboldsymbols=\mathgroup9
\symboldlasy=\mathgroup10
LaTeX Font Info:    Redeclaring math alphabet \mathbf on input line 141.
LaTeX Info: Redefining \bm on input line 207.
)
(/usr/share/texlive/texmf-dist/tex/generic/ulem/ulem.sty
\UL@box=\box35
\UL@hyphenbox=\box36
\UL@skip=\skip258
\UL@hook=\toks41
\UL@height=\dimen256
\UL@pe=\count266
\UL@pixel=\dimen257
\ULC@box=\box37
Package: ulem 2012/05/18
\ULdepth=\dimen258
)
(/usr/share/texlive/texmf-dist/tex/latex/oberdiek/pdflscape.sty
Package: pdflscape 2016/05/14 v0.11 Display of landscape pages in PDF (HO)

(/usr/share/texlive/texmf-dist/tex/latex/graphics/lscape.sty
Package: lscape 2000/10/22 v3.01 Landscape Pages (DPC)
)
Package pdflscape Info: Auto-detected driver: pdftex on input line 81.
)
(./Main_Thesis.aux

LaTeX Warning: Label `fig:cms_layout' multiply defined.


LaTeX Warning: Label `fig:cms_layout' multiply defined.


LaTeX Warning: Label `fig:cms_layout' multiply defined.


LaTeX Warning: Label `fig:cms_layout' multiply defined.

)
\openout1 = `Main_Thesis.aux'.

LaTeX Font Info:    Checking defaults for OML/cmm/m/it on input line 178.
LaTeX Font Info:    ... okay on input line 178.
LaTeX Font Info:    Checking defaults for T1/cmr/m/n on input line 178.
LaTeX Font Info:    ... okay on input line 178.
LaTeX Font Info:    Checking defaults for OT1/cmr/m/n on input line 178.
LaTeX Font Info:    ... okay on input line 178.
LaTeX Font Info:    Checking defaults for OMS/cmsy/m/n on input line 178.
LaTeX Font Info:    ... okay on input line 178.
LaTeX Font Info:    Checking defaults for OMX/cmex/m/n on input line 178.
LaTeX Font Info:    ... okay on input line 178.
LaTeX Font Info:    Checking defaults for U/cmr/m/n on input line 178.
LaTeX Font Info:    ... okay on input line 178.
LaTeX Font Info:    Checking defaults for PD1/pdf/m/n on input line 178.
LaTeX Font Info:    ... okay on input line 178.
LaTeX Font Info:    Try loading font information for T1+lmr on input line 178.
 (/usr/share/texmf/tex/latex/lm/t1lmr.fd
File: t1lmr.fd 2009/10/30 v1.6 Font defs for Latin Modern
)
*geometry* driver: auto-detecting
*geometry* detected driver: pdftex
*geometry* verbose mode - [ preamble ] result:
* driver: pdftex
* paper: letterpaper
* layout: <same size as paper>
* layoutoffset:(h,v)=(0.0pt,0.0pt)
* bindingoffset: 36.135pt
* modes: includehead 
* h-part:(L,W,R)=(72.26999pt, 433.62003pt, 72.26999pt)
* v-part:(T,H,B)=(72.26999pt, 650.43001pt, 72.26999pt)
* \paperwidth=614.295pt
* \paperheight=794.96999pt
* \textwidth=433.62003pt
* \textheight=616.05621pt
* \oddsidemargin=36.135pt
* \evensidemargin=0.0pt
* \topmargin=0.0pt
* \headheight=14.5pt
* \headsep=19.8738pt
* \topskip=12.0pt
* \footskip=0.0pt
* \marginparwidth=50.0pt
* \marginparsep=7.0pt
* \columnsep=10.0pt
* \skip\footins=12.0pt plus 4.0pt minus 4.0pt
* \hoffset=0.0pt
* \voffset=0.0pt
* \mag=1000
* \@twocolumnfalse
* \@twosidefalse
* \@mparswitchfalse
* \@reversemarginfalse
* (1in=72.27pt=25.4mm, 1cm=28.453pt)

(/usr/share/texlive/texmf-dist/tex/context/base/mkii/supp-pdf.mkii
[Loading MPS to PDF converter (version 2006.09.02).]
\scratchcounter=\count267
\scratchdimen=\dimen259
\scratchbox=\box38
\nofMPsegments=\count268
\nofMParguments=\count269
\everyMPshowfont=\toks42
\MPscratchCnt=\count270
\MPscratchDim=\dimen260
\MPnumerator=\count271
\makeMPintoPDFobject=\count272
\everyMPtoPDFconversion=\toks43
)
\AtBeginShipoutBox=\box39
Package hyperref Info: Link coloring OFF on input line 178.
 (/usr/share/texlive/texmf-dist/tex/latex/hyperref/nameref.sty
Package: nameref 2016/05/21 v2.44 Cross-referencing by name of section

(/usr/share/texlive/texmf-dist/tex/generic/oberdiek/gettitlestring.sty
Package: gettitlestring 2016/05/16 v1.5 Cleanup title references (HO)
)
\c@section@level=\count273
)
Redoing nameref's sectioning
Redoing nameref's label
LaTeX Info: Redefining \nameref on input line 178.
LaTeX Info: Redefining \ref on input line 178.
LaTeX Info: Redefining \pageref on input line 178.
LaTeX Info: Redefining \nameref on input line 178.
(./Main_Thesis.out) (./Main_Thesis.out)
\@outlinefile=\write4
\openout4 = `Main_Thesis.out'.

Package caption Info: Begin \AtBeginDocument code.
Package caption Info: End \AtBeginDocument code.
 [1


{/var/lib/texmf/fonts/map/pdftex/updmap/pdftex.map}] (./nuthesis/sections/Abstr
act.tex) [2

]

Class memoir Warning: The material used in the footer is too large
(10.14995pt) for the given foot skip (0.0pt), it is recommended to
either increase the foot skip or redesign the fotoer
(in both cases you will find help in the memoir manual). on input line 228.

[3

] (./nuthesis/sections/acknowledgments.tex) [4

] (./Main_Thesis.toc
LaTeX Font Info:    Try loading font information for OT1+lmr on input line 2.

(/usr/share/texmf/tex/latex/lm/ot1lmr.fd
File: ot1lmr.fd 2009/10/30 v1.6 Font defs for Latin Modern
)
LaTeX Font Info:    Try loading font information for OML+lmm on input line 2.

(/usr/share/texmf/tex/latex/lm/omllmm.fd
File: omllmm.fd 2009/10/30 v1.6 Font defs for Latin Modern
)
LaTeX Font Info:    Try loading font information for OMS+lmsy on input line 2.

(/usr/share/texmf/tex/latex/lm/omslmsy.fd
File: omslmsy.fd 2009/10/30 v1.6 Font defs for Latin Modern
)
LaTeX Font Info:    Try loading font information for OMX+lmex on input line 2.

(/usr/share/texmf/tex/latex/lm/omxlmex.fd
File: omxlmex.fd 2009/10/30 v1.6 Font defs for Latin Modern
)
LaTeX Font Info:    External font `lmex10' loaded for size
(Font)              <12> on input line 2.
LaTeX Font Info:    External font `lmex10' loaded for size
(Font)              <8> on input line 2.
LaTeX Font Info:    External font `lmex10' loaded for size
(Font)              <6> on input line 2.
LaTeX Font Info:    Try loading font information for U+lasy on input line 2.

(/usr/share/texlive/texmf-dist/tex/latex/base/ulasy.fd
File: ulasy.fd 1998/08/17 v2.2e LaTeX symbol font definitions
)
LaTeX Font Info:    Try loading font information for U+msa on input line 2.

(/usr/share/texlive/texmf-dist/tex/latex/amsfonts/umsa.fd
File: umsa.fd 2013/01/14 v3.01 AMS symbols A
)
LaTeX Font Info:    Try loading font information for U+msb on input line 2.

(/usr/share/texlive/texmf-dist/tex/latex/amsfonts/umsb.fd
File: umsb.fd 2013/01/14 v3.01 AMS symbols B
)
LaTeX Font Info:    Font shape `U/lasy/b/n' in size <8> not available
(Font)              Font shape `U/lasy/m/n' tried instead on input line 2.
LaTeX Font Info:    Font shape `U/lasy/b/n' in size <6> not available
(Font)              Font shape `U/lasy/m/n' tried instead on input line 2.

Overfull \hbox (0.16273pt too wide) detected at line 2
 \T1/lmr/bx/n/12 viii
 []

[5


] [6]) [7] (./Main_Thesis.lof [8

]) [9] (./Main_Thesis.lot) [10

]
(./nuthesis/sections/Ch1-Introduction.tex)
(./nuthesis/sections/Ch2-LHCandCMS.tex [1


]
<nuthesis/images/../images/ch2/11.png, id=349, 658.46pt x 722.7pt>
File: nuthesis/images/../images/ch2/11.png Graphic file (type png)
<use nuthesis/images/../images/ch2/11.png>
Package pdftex.def Info: nuthesis/images/../images/ch2/11.png  used on input li
ne 16.
(pdftex.def)             Requested size: 303.53268pt x 333.1518pt.


LaTeX Warning: `!h' float specifier changed to `!ht'.

<nuthesis/images/../images/ch2/1.jpg, id=354, 752.8125pt x 718.685pt>
File: nuthesis/images/../images/ch2/1.jpg Graphic file (type jpg)
<use nuthesis/images/../images/ch2/1.jpg>
Package pdftex.def Info: nuthesis/images/../images/ch2/1.jpg  used on input lin
e 28.
(pdftex.def)             Requested size: 303.53268pt x 289.78278pt.
[2

]

LaTeX Warning: `!h' float specifier changed to `!ht'.

<nuthesis/images/../images/ch2/2.jpg, id=367, 531.9875pt x 963.6pt>
File: nuthesis/images/../images/ch2/2.jpg Graphic file (type jpg)
<use nuthesis/images/../images/ch2/2.jpg>
Package pdftex.def Info: nuthesis/images/../images/ch2/2.jpg  used on input lin
e 34.
(pdftex.def)             Requested size: 303.53268pt x 549.80174pt.

LaTeX Warning: `!h' float specifier changed to `!ht'.

<nuthesis/images/../images/ch2/10.jpg, id=368, 879.285pt x 770.88pt>
File: nuthesis/images/../images/ch2/10.jpg Graphic file (type jpg)
<use nuthesis/images/../images/ch2/10.jpg>
Package pdftex.def Info: nuthesis/images/../images/ch2/10.jpg  used on input li
ne 46.
(pdftex.def)             Requested size: 303.53268pt x 266.1068pt.

LaTeX Warning: `!h' float specifier changed to `!ht'.

<nuthesis/images/../images/ch2/3.png, id=369, 505.89pt x 505.89pt>
File: nuthesis/images/../images/ch2/3.png Graphic file (type png)
<use nuthesis/images/../images/ch2/3.png>
Package pdftex.def Info: nuthesis/images/../images/ch2/3.png  used on input lin
e 53.
(pdftex.def)             Requested size: 303.53268pt x 303.53633pt.

LaTeX Warning: `!h' float specifier changed to `!ht'.

<nuthesis/images/../images/ch2/12.jpg, id=370, 1284.8pt x 963.6pt>
File: nuthesis/images/../images/ch2/12.jpg Graphic file (type jpg)
<use nuthesis/images/../images/ch2/12.jpg>
Package pdftex.def Info: nuthesis/images/../images/ch2/12.jpg  used on input li
ne 60.
(pdftex.def)             Requested size: 303.53268pt x 227.6517pt.

LaTeX Warning: `!h' float specifier changed to `!ht'.

<nuthesis/images/../images/ch2/4.jpg, id=371, 722.7pt x 722.7pt>
File: nuthesis/images/../images/ch2/4.jpg Graphic file (type jpg)
<use nuthesis/images/../images/ch2/4.jpg>
Package pdftex.def Info: nuthesis/images/../images/ch2/4.jpg  used on input lin
e 70.
(pdftex.def)             Requested size: 303.53268pt x 303.53192pt.
[3 <./nuthesis/images/../images/ch2/11.png (PNG copy)>]

LaTeX Warning: `!h' float specifier changed to `!ht'.

) (./nuthesis/sections/Ch3-SMandBSM.tex [4 <./nuthesis/images/../images/ch2/1.j
pg>]

LaTeX Warning: Text page 5 contains only floats.

[5 <./nuthesis/images/../images/ch2/2.jpg>] [6 <./nuthesis/images/../images/ch2
/10.jpg>] [7 <./nuthesis/images/../images/ch2/3.png (PNG copy)> <./nuthesis/ima
ges/../images/ch2/12.jpg>] [8 <./nuthesis/images/../images/ch2/4.jpg>])
(./nuthesis/sections/Ch4-Ana-I.tex [9

]) (./nuthesis/sections/Ch5-Ana-II.tex
[10

]) (./nuthesis/sections/Ch6-Ana-III.tex [11

])
(./nuthesis/sections/Ch7-Phase-I.tex [12

] [13

]
<nuthesis/images/ch7/reducedperformance.png, id=423, 3350.76843pt x 2042.38031p
t>
File: nuthesis/images/ch7/reducedperformance.png Graphic file (type png)
<use nuthesis/images/ch7/reducedperformance.png>
Package pdftex.def Info: nuthesis/images/ch7/reducedperformance.png  used on in
put line 13.
(pdftex.def)             Requested size: 390.25537pt x 237.84497pt.


LaTeX Warning: `!h' float specifier changed to `!ht'.

<nuthesis/images/../images/ch7/fpix.pdf, id=428, 2387.07802pt x 1336.995pt>
File: nuthesis/images/../images/ch7/fpix.pdf Graphic file (type pdf)
<use nuthesis/images/../images/ch7/fpix.pdf>
Package pdftex.def Info: nuthesis/images/../images/ch7/fpix.pdf  used on input 
line 23.
(pdftex.def)             Requested size: 260.17465pt x 145.72345pt.
<nuthesis/images/../images/ch7/bpix.pdf, id=429, 3655.6575pt x 2582.64874pt>
File: nuthesis/images/../images/ch7/bpix.pdf Graphic file (type pdf)
<use nuthesis/images/../images/ch7/bpix.pdf>
Package pdftex.def Info: nuthesis/images/../images/ch7/bpix.pdf  used on input 
line 24.
(pdftex.def)             Requested size: 169.11154pt x 119.44563pt.

LaTeX Warning: `!h' float specifier changed to `!ht'.

<nuthesis/images/../images/ch7/unl_workflow.png, id=433, 348.37846pt x 486.9886
2pt>
File: nuthesis/images/../images/ch7/unl_workflow.png Graphic file (type png)
<use nuthesis/images/../images/ch7/unl_workflow.png>
Package pdftex.def Info: nuthesis/images/../images/ch7/unl_workflow.png  used o
n input line 39.
(pdftex.def)             Requested size: 303.53268pt x 424.30086pt.
[14]

LaTeX Warning: `!h' float specifier changed to `!ht'.

[15 <./nuthesis/images/ch7/reducedperformance.png> <./nuthesis/images/../images
/ch7/fpix.pdf> <./nuthesis/images/../images/ch7/bpix.pdf

pdfTeX warning: pdflatex (file ./nuthesis/images/../images/ch7/bpix.pdf): PDF i
nclusion: multiple pdfs with page group included in a single page
>]
<nuthesis/images/ch7/bare_module.jpg, id=484, 4143.48pt x 2330.7075pt>
File: nuthesis/images/ch7/bare_module.jpg Graphic file (type jpg)
<use nuthesis/images/ch7/bare_module.jpg>
Package pdftex.def Info: nuthesis/images/ch7/bare_module.jpg  used on input lin
e 49.
(pdftex.def)             Requested size: 260.17465pt x 146.34457pt.
<nuthesis/images/ch7/gato2.jpeg, id=485, 915.42pt x 963.6pt>
File: nuthesis/images/ch7/gato2.jpeg Graphic file (type jpg)
<use nuthesis/images/ch7/gato2.jpeg>
Package pdftex.def Info: nuthesis/images/ch7/gato2.jpeg  used on input line 50.

(pdftex.def)             Requested size: 169.11154pt x 178.01324pt.
 [16 <./nuthesis/images/../images/ch7/unl_workflow.png>]
<nuthesis/images/ch7/probe_station.jpg, id=493, 4143.48pt x 2330.7075pt>
File: nuthesis/images/ch7/probe_station.jpg Graphic file (type jpg)
<use nuthesis/images/ch7/probe_station.jpg>
Package pdftex.def Info: nuthesis/images/ch7/probe_station.jpg  used on input l
ine 59.
(pdftex.def)             Requested size: 303.53268pt x 170.70569pt.


LaTeX Warning: `!h' float specifier changed to `!ht'.

<nuthesis/images/ch7/vis_insp_1.jpg, id=496, 1042.31662pt x 781.73746pt>
File: nuthesis/images/ch7/vis_insp_1.jpg Graphic file (type jpg)
<use nuthesis/images/ch7/vis_insp_1.jpg>
Package pdftex.def Info: nuthesis/images/ch7/vis_insp_1.jpg  used on input line
 67.
(pdftex.def)             Requested size: 173.44536pt x 130.07852pt.
<nuthesis/images/ch7/vis_insp_5.jpg, id=497, 1042.31662pt x 781.73746pt>
File: nuthesis/images/ch7/vis_insp_5.jpg Graphic file (type jpg)
<use nuthesis/images/ch7/vis_insp_5.jpg>
Package pdftex.def Info: nuthesis/images/ch7/vis_insp_5.jpg  used on input line
 68.
(pdftex.def)             Requested size: 173.44536pt x 130.07852pt.
<nuthesis/images/ch7/vis_insp_2.jpg, id=498, 1042.31662pt x 781.73746pt>
File: nuthesis/images/ch7/vis_insp_2.jpg Graphic file (type jpg)
<use nuthesis/images/ch7/vis_insp_2.jpg>
Package pdftex.def Info: nuthesis/images/ch7/vis_insp_2.jpg  used on input line
 69.
(pdftex.def)             Requested size: 173.44536pt x 130.07852pt.
<nuthesis/images/ch7/vis_insp_3.jpg, id=499, 1042.31662pt x 781.73746pt>
File: nuthesis/images/ch7/vis_insp_3.jpg Graphic file (type jpg)
<use nuthesis/images/ch7/vis_insp_3.jpg>
Package pdftex.def Info: nuthesis/images/ch7/vis_insp_3.jpg  used on input line
 70.
(pdftex.def)             Requested size: 173.44536pt x 130.07852pt.
[17 <./nuthesis/images/ch7/bare_module.jpg> <./nuthesis/images/ch7/gato2.jpeg>]
<nuthesis/images/ch7/hdi_tbm.jpg, id=504, 1042.31662pt x 781.73746pt>
File: nuthesis/images/ch7/hdi_tbm.jpg Graphic file (type jpg)
<use nuthesis/images/ch7/hdi_tbm.jpg>
Package pdftex.def Info: nuthesis/images/ch7/hdi_tbm.jpg  used on input line 77
.
(pdftex.def)             Requested size: 173.44536pt x 130.07852pt.
File: nuthesis/images/ch7/hdi_tbm.jpg Graphic file (type jpg)
<use nuthesis/images/ch7/hdi_tbm.jpg>
Package pdftex.def Info: nuthesis/images/ch7/hdi_tbm.jpg  used on input line 78
.
(pdftex.def)             Requested size: 173.44536pt x 130.07852pt.

LaTeX Warning: `!h' float specifier changed to `!ht'.

[18 <./nuthesis/images/ch7/probe_station.jpg> <./nuthesis/images/ch7/vis_insp_1
.jpg> <./nuthesis/images/ch7/vis_insp_5.jpg> <./nuthesis/images/ch7/vis_insp_2.
jpg> <./nuthesis/images/ch7/vis_insp_3.jpg>]
<nuthesis/images/ch7/sensor_probe_positions.png, id=513, 510.90875pt x 352.3162
5pt>
File: nuthesis/images/ch7/sensor_probe_positions.png Graphic file (type png)
<use nuthesis/images/ch7/sensor_probe_positions.png>
Package pdftex.def Info: nuthesis/images/ch7/sensor_probe_positions.png  used o
n input line 89.
(pdftex.def)             Requested size: 216.81001pt x 149.50932pt.
<nuthesis/images/ch7/iv_test.pdf, id=514, 569.12625pt x 615.29875pt>
File: nuthesis/images/ch7/iv_test.pdf Graphic file (type pdf)
<use nuthesis/images/ch7/iv_test.pdf>
Package pdftex.def Info: nuthesis/images/ch7/iv_test.pdf  used on input line 90
.
(pdftex.def)             Requested size: 173.44536pt x 187.52031pt.


LaTeX Warning: `!h' float specifier changed to `!ht'.

[19 <./nuthesis/images/ch7/hdi_tbm.jpg>]
<nuthesis/images/ch7/gantry.jpg, id=526, 2001.4775pt x 1500.60625pt>
File: nuthesis/images/ch7/gantry.jpg Graphic file (type jpg)
<use nuthesis/images/ch7/gantry.jpg>
Package pdftex.def Info: nuthesis/images/ch7/gantry.jpg  used on input line 100
.
(pdftex.def)             Requested size: 303.53268pt x 227.55414pt.


LaTeX Warning: `!h' float specifier changed to `!ht'.

<nuthesis/images/ch7/hdi_on_bbm.png, id=527, 1951.29pt x 1457.445pt>
File: nuthesis/images/ch7/hdi_on_bbm.png Graphic file (type png)
<use nuthesis/images/ch7/hdi_on_bbm.png>
Package pdftex.def Info: nuthesis/images/ch7/hdi_on_bbm.png  used on input line
 107.
(pdftex.def)             Requested size: 216.81001pt x 161.92064pt.
<nuthesis/images/ch7/hdi_on_bbm_close.png, id=528, 317.68687pt x 234.1247pt>
File: nuthesis/images/ch7/hdi_on_bbm_close.png Graphic file (type png)
<use nuthesis/images/ch7/hdi_on_bbm_close.png>
Package pdftex.def Info: nuthesis/images/ch7/hdi_on_bbm_close.png  used on inpu
t line 108.
(pdftex.def)             Requested size: 216.81001pt x 159.78856pt.

LaTeX Warning: `!h' float specifier changed to `!ht'.

<nuthesis/images/ch7/wirebonder.png, id=529, 359.84438pt x 161.85469pt>
File: nuthesis/images/ch7/wirebonder.png Graphic file (type png)
<use nuthesis/images/ch7/wirebonder.png>
Package pdftex.def Info: nuthesis/images/ch7/wirebonder.png  used on input line
 119.
(pdftex.def)             Requested size: 303.53268pt x 136.53737pt.
[20 <./nuthesis/images/ch7/sensor_probe_positions.png> <./nuthesis/images/ch7/i
v_test.pdf>]

LaTeX Warning: `!h' float specifier changed to `!ht'.

<nuthesis/images/ch7/wirebond.png, id=580, 359.84438pt x 161.85469pt>
File: nuthesis/images/ch7/wirebond.png Graphic file (type png)
<use nuthesis/images/ch7/wirebond.png>
Package pdftex.def Info: nuthesis/images/ch7/wirebond.png  used on input line 1
27.
(pdftex.def)             Requested size: 303.53268pt x 136.53737pt.

LaTeX Warning: `!h' float specifier changed to `!ht'.

<nuthesis/images/ch7/encap_mat.jpg, id=583, 1505.3841pt x 1505.3841pt>
File: nuthesis/images/ch7/encap_mat.jpg Graphic file (type jpg)
<use nuthesis/images/ch7/encap_mat.jpg>
Package pdftex.def Info: nuthesis/images/ch7/encap_mat.jpg  used on input line 
139.
(pdftex.def)             Requested size: 216.81001pt x 216.79352pt.

LaTeX Warning: `!h' float specifier changed to `!ht'.

[21 <./nuthesis/images/ch7/gantry.jpg>] [22 <./nuthesis/images/ch7/hdi_on_bbm.p
ng> <./nuthesis/images/ch7/hdi_on_bbm_close.png> <./nuthesis/images/ch7/wirebon
der.png>]
<nuthesis/images/ch7/encap_ref.jpg, id=600, 1545.15295pt x 778.6838pt>
File: nuthesis/images/ch7/encap_ref.jpg Graphic file (type jpg)
<use nuthesis/images/ch7/encap_ref.jpg>
Package pdftex.def Info: nuthesis/images/ch7/encap_ref.jpg  used on input line 
148.
(pdftex.def)             Requested size: 216.81001pt x 109.25262pt.
<nuthesis/images/ch7/encap_roc.png, id=601, 650.43pt x 563.85657pt>
File: nuthesis/images/ch7/encap_roc.png Graphic file (type png)
<use nuthesis/images/ch7/encap_roc.png>
Package pdftex.def Info: nuthesis/images/ch7/encap_roc.png  used on input line 
149.
(pdftex.def)             Requested size: 173.44536pt x 150.35909pt.
<nuthesis/images/ch7/encap_tbm.png, id=602, 292.09125pt x 289.08pt>
File: nuthesis/images/ch7/encap_tbm.png Graphic file (type png)
<use nuthesis/images/ch7/encap_tbm.png>
Package pdftex.def Info: nuthesis/images/ch7/encap_tbm.png  used on input line 
150.
(pdftex.def)             Requested size: 86.72267pt x 85.82922pt.
<nuthesis/images/ch7/encap_hv.png, id=603, 577.40718pt x 334.24875pt>
File: nuthesis/images/ch7/encap_hv.png Graphic file (type png)
<use nuthesis/images/ch7/encap_hv.png>
Package pdftex.def Info: nuthesis/images/ch7/encap_hv.png  used on input line 1
51.
(pdftex.def)             Requested size: 173.44536pt x 100.4029pt.


LaTeX Warning: `!h' float specifier changed to `!ht'.

[23 <./nuthesis/images/ch7/wirebond.png> <./nuthesis/images/ch7/encap_mat.jpg>]
<nuthesis/images/ch7/fully_asem_mod.png, id=612, 424.58624pt x 388.45125pt>
File: nuthesis/images/ch7/fully_asem_mod.png Graphic file (type png)
<use nuthesis/images/ch7/fully_asem_mod.png>
Package pdftex.def Info: nuthesis/images/ch7/fully_asem_mod.png  used on input 
line 161.
(pdftex.def)             Requested size: 303.53268pt x 277.71089pt.

LaTeX Warning: `!h' float specifier changed to `!ht'.

<nuthesis/images/ch7/cold_box.png, id=613, 602.25pt x 466.74374pt>
File: nuthesis/images/ch7/cold_box.png Graphic file (type png)
<use nuthesis/images/ch7/cold_box.png>
Package pdftex.def Info: nuthesis/images/ch7/cold_box.png  used on input line 1
68.
(pdftex.def)             Requested size: 303.53268pt x 235.24435pt.

LaTeX Warning: `!h' float specifier changed to `!ht'.

[24 <./nuthesis/images/ch7/encap_ref.jpg> <./nuthesis/images/ch7/encap_roc.png>
 <./nuthesis/images/ch7/encap_tbm.png> <./nuthesis/images/ch7/encap_hv.png>]

LaTeX Warning: Text page 25 contains only floats.

[25 <./nuthesis/images/ch7/fully_asem_mod.png> <./nuthesis/images/ch7/cold_box.
png>]
File: nuthesis/images/ch7/iv_test.pdf Graphic file (type pdf)
<use nuthesis/images/ch7/iv_test.pdf>
Package pdftex.def Info: nuthesis/images/ch7/iv_test.pdf  used on input line 18
0.
(pdftex.def)             Requested size: 173.44536pt x 187.52031pt.
 [26]
<nuthesis/images/../images/ch7/pro_roc.pdf, id=637, 569.12625pt x 332.24126pt>
File: nuthesis/images/../images/ch7/pro_roc.pdf Graphic file (type pdf)
<use nuthesis/images/../images/ch7/pro_roc.pdf>
Package pdftex.def Info: nuthesis/images/../images/ch7/pro_roc.pdf  used on inp
ut line 191.
(pdftex.def)             Requested size: 303.53268pt x 177.20233pt.
<nuthesis/images/../images/ch7/working_point.jpg, id=638, 653.44125pt x 324.211
24pt>
File: nuthesis/images/../images/ch7/working_point.jpg Graphic file (type jpg)
<use nuthesis/images/../images/ch7/working_point.jpg>
Package pdftex.def Info: nuthesis/images/../images/ch7/working_point.jpg  used 
on input line 192.
(pdftex.def)             Requested size: 303.53268pt x 150.59836pt.
 [27 <./nuthesis/images/../images/ch7/pro_roc.pdf, page is rotated 90 degrees> 
<./nuthesis/images/../images/ch7/working_point.jpg>]
<nuthesis/images/ch7/pix_ali_good.png, id=689, 4336.2pt x 1355.0625pt>
File: nuthesis/images/ch7/pix_ali_good.png Graphic file (type png)
<use nuthesis/images/ch7/pix_ali_good.png>
Package pdftex.def Info: nuthesis/images/ch7/pix_ali_good.png  used on input li
ne 203.
(pdftex.def)             Requested size: 130.08733pt x 40.65012pt.
<nuthesis/images/ch7/pix_ali_bad.png, id=690, 4336.2pt x 1355.0625pt>
File: nuthesis/images/ch7/pix_ali_bad.png Graphic file (type png)
<use nuthesis/images/ch7/pix_ali_bad.png>
Package pdftex.def Info: nuthesis/images/ch7/pix_ali_bad.png  used on input lin
e 204.
(pdftex.def)             Requested size: 130.08733pt x 40.65012pt.
<nuthesis/images/ch7/pix_ali_full.jpg, id=691, 653.44125pt x 324.21124pt>
File: nuthesis/images/ch7/pix_ali_full.jpg Graphic file (type jpg)
<use nuthesis/images/ch7/pix_ali_full.jpg>
Package pdftex.def Info: nuthesis/images/ch7/pix_ali_full.jpg  used on input li
ne 205.
(pdftex.def)             Requested size: 130.08733pt x 64.54427pt.
File: nuthesis/images/ch7/pix_ali_bad.png Graphic file (type png)
<use nuthesis/images/ch7/pix_ali_bad.png>
Package pdftex.def Info: nuthesis/images/ch7/pix_ali_bad.png  used on input lin
e 211.
(pdftex.def)             Requested size: 173.44536pt x 54.19327pt.
<nuthesis/images/ch7/pix_ali_roc.jpg, id=692, 751.80875pt x 528.97626pt>
File: nuthesis/images/ch7/pix_ali_roc.jpg Graphic file (type jpg)
<use nuthesis/images/ch7/pix_ali_roc.jpg>
Package pdftex.def Info: nuthesis/images/ch7/pix_ali_roc.jpg  used on input lin
e 212.
(pdftex.def)             Requested size: 130.08733pt x 91.531pt.
 [28 <./nuthesis/images/ch7/pix_ali_good.png> <./nuthesis/images/ch7/pix_ali_ba
d.png> <./nuthesis/images/ch7/pix_ali_full.jpg> <./nuthesis/images/ch7/pix_ali_
roc.jpg>]
<nuthesis/images//ch7/trim_turn-on_vcal.pdf, id=700, 569.12625pt x 321.2pt>
File: nuthesis/images//ch7/trim_turn-on_vcal.pdf Graphic file (type pdf)
<use nuthesis/images//ch7/trim_turn-on_vcal.pdf>
Package pdftex.def Info: nuthesis/images//ch7/trim_turn-on_vcal.pdf  used on in
put line 221.
(pdftex.def)             Requested size: 130.08733pt x 73.41864pt.
<nuthesis/images//ch7/trim_turn-on_vthr.pdf, id=701, 569.12625pt x 321.2pt>
File: nuthesis/images//ch7/trim_turn-on_vthr.pdf Graphic file (type pdf)
<use nuthesis/images//ch7/trim_turn-on_vthr.pdf>
Package pdftex.def Info: nuthesis/images//ch7/trim_turn-on_vthr.pdf  used on in
put line 222.
(pdftex.def)             Requested size: 173.44536pt x 97.88988pt.
<nuthesis/images//ch7/trim_eff.pdf, id=702, 569.12625pt x 321.2pt>
File: nuthesis/images//ch7/trim_eff.pdf Graphic file (type pdf)
<use nuthesis/images//ch7/trim_eff.pdf>
Package pdftex.def Info: nuthesis/images//ch7/trim_eff.pdf  used on input line 
223.
(pdftex.def)             Requested size: 130.08733pt x 73.41864pt.


LaTeX Warning: `!h' float specifier changed to `!ht'.

[29]
<nuthesis/images//ch7/trim_bits_7.pdf, id=709, 569.12625pt x 321.2pt>
File: nuthesis/images//ch7/trim_bits_7.pdf Graphic file (type pdf)
<use nuthesis/images//ch7/trim_bits_7.pdf>
Package pdftex.def Info: nuthesis/images//ch7/trim_bits_7.pdf  used on input li
ne 231.
(pdftex.def)             Requested size: 303.53268pt x 171.31343pt.
<nuthesis/images//ch7/trim_bits_corr.pdf, id=710, 569.12625pt x 321.2pt>
File: nuthesis/images//ch7/trim_bits_corr.pdf Graphic file (type pdf)
<use nuthesis/images//ch7/trim_bits_corr.pdf>
Package pdftex.def Info: nuthesis/images//ch7/trim_bits_corr.pdf  used on input
 line 232.
(pdftex.def)             Requested size: 303.53268pt x 171.31343pt.


LaTeX Warning: `!h' float specifier changed to `!ht'.

<nuthesis/images//ch7/trim_final_map.pdf, id=711, 569.12625pt x 321.2pt>
File: nuthesis/images//ch7/trim_final_map.pdf Graphic file (type pdf)
<use nuthesis/images//ch7/trim_final_map.pdf>
Package pdftex.def Info: nuthesis/images//ch7/trim_final_map.pdf  used on input
 line 238.
(pdftex.def)             Requested size: 303.53268pt x 171.31343pt.
<nuthesis/images//ch7/trim_final_dist.pdf, id=712, 569.12625pt x 321.2pt>
File: nuthesis/images//ch7/trim_final_dist.pdf Graphic file (type pdf)
<use nuthesis/images//ch7/trim_final_dist.pdf>
Package pdftex.def Info: nuthesis/images//ch7/trim_final_dist.pdf  used on inpu
t line 239.
(pdftex.def)             Requested size: 303.53268pt x 171.31343pt.

LaTeX Warning: `!h' float specifier changed to `!ht'.


LaTeX Warning: Reference `fig:scurve' on page 30 undefined on input line 265.

[30 <./nuthesis/images//ch7/trim_turn-on_vcal.pdf, page is rotated 90 degrees> 
<./nuthesis/images//ch7/trim_turn-on_vthr.pdf, page is rotated 90 degrees> <./n
uthesis/images//ch7/trim_eff.pdf, page is rotated 90 degrees>]
<nuthesis/images/ch7/scurve_map.pdf, id=847, 569.12625pt x 321.2pt>
File: nuthesis/images/ch7/scurve_map.pdf Graphic file (type pdf)
<use nuthesis/images/ch7/scurve_map.pdf>
Package pdftex.def Info: nuthesis/images/ch7/scurve_map.pdf  used on input line
 269.
(pdftex.def)             Requested size: 216.81001pt x 122.36113pt.
<nuthesis/images/ch7/scurve_dist.pdf, id=848, 569.12625pt x 321.2pt>
File: nuthesis/images/ch7/scurve_dist.pdf Graphic file (type pdf)
<use nuthesis/images/ch7/scurve_dist.pdf>
Package pdftex.def Info: nuthesis/images/ch7/scurve_dist.pdf  used on input lin
e 270.
(pdftex.def)             Requested size: 216.81001pt x 122.36113pt.


LaTeX Warning: `!h' float specifier changed to `!ht'.

[31 <./nuthesis/images//ch7/trim_bits_7.pdf, page is rotated 90 degrees> <./nut
hesis/images//ch7/trim_bits_corr.pdf, page is rotated 90 degrees>]
<nuthesis/images/ch7/bb_map.png, id=941, 4336.2pt x 1355.0625pt>
File: nuthesis/images/ch7/bb_map.png Graphic file (type png)
<use nuthesis/images/ch7/bb_map.png>
Package pdftex.def Info: nuthesis/images/ch7/bb_map.png  used on input line 279
.
(pdftex.def)             Requested size: 303.53268pt x 94.84338pt.


LaTeX Warning: `!h' float specifier changed to `!ht'.

<nuthesis/images/ch7/pix_unit_cell.png, id=942, 729.72626pt x 801.99625pt>
File: nuthesis/images/ch7/pix_unit_cell.png Graphic file (type png)
<use nuthesis/images/ch7/pix_unit_cell.png>
Package pdftex.def Info: nuthesis/images/ch7/pix_unit_cell.png  used on input l
ine 304.
(pdftex.def)             Requested size: 303.53268pt x 333.5932pt.

LaTeX Warning: `!h' float specifier changed to `!ht'.

) (./nuthesis/sections/Ch8-TestBeam.tex [32 <./nuthesis/images//ch7/trim_final_
map.pdf, page is rotated 90 degrees> <./nuthesis/images//ch7/trim_final_dist.pd
f, page is rotated 90 degrees>] [33 <./nuthesis/images/ch7/scurve_map.pdf, page
 is rotated 90 degrees> <./nuthesis/images/ch7/scurve_dist.pdf, page is rotated
 90 degrees> <./nuthesis/images/ch7/bb_map.png>] [34 <./nuthesis/images/ch7/pix
_unit_cell.png>]) (./nuthesis/sections/Ch9-Conclusions.tex [35

]) [36

]
bibitemlist

Underfull \hbox (badness 3158) in paragraph at lines 310--312
[]\T1/lmr/m/n/12 UNL Phase I FPIX As-sem-bly Stan-dard Op-er-at-ing Pro-ce-dure
s. From
 []

LaTeX Font Info:    Try loading font information for T1+lmtt on input line 313.

(/usr/share/texmf/tex/latex/lm/t1lmtt.fd
File: t1lmtt.fd 2009/10/30 v1.6 Font defs for Latin Modern
)
Underfull \hbox (badness 2753) in paragraph at lines 314--315
[]\T1/lmr/m/n/12 Aerotech (n.d.). ``AGS15000 Se-ries'', from []$\T1/lmtt/m/n/12
 https : / / www . aerotech . com /
 []


Underfull \hbox (badness 10000) in paragraph at lines 314--315
\T1/lmtt/m/n/12 product-[]catalog / gantry-[]system / ags15000 . aspx ? p = %2f
product-[]catalog %
 []

[37

]
Underfull \hbox (badness 1057) in paragraph at lines 317--318
[]\T1/lmr/m/n/12 J. An-tonelli. ``FPix Mod-ule Test-ing Ref-er-ence Guide'', Se
p. 2015, from
 []


Underfull \hbox (badness 10000) in paragraph at lines 317--318
[]$\T1/lmtt/m/n/12 https : / / cms-[]docdb . cern . ch / cgi-[]bin / DocDB / Re
trieveFile ? docid = 12690 &
 []


Class memoir Warning: The material used in the footer is too large
(10.14995pt) for the given foot skip (0.0pt), it is recommended to
either increase the foot skip or redesign the fotoer
(in both cases you will find help in the memoir manual). on input line 575.

[38]
\tf@toc=\write5
\openout5 = `Main_Thesis.toc'.

\tf@lof=\write6
\openout6 = `Main_Thesis.lof'.

\tf@lot=\write7
\openout7 = `Main_Thesis.lot'.

Package atveryend Info: Empty hook `BeforeClearDocument' on input line 575.
Package atveryend Info: Empty hook `AfterLastShipout' on input line 575.
 (./Main_Thesis.aux)
Package atveryend Info: Executing hook `AtVeryEndDocument' on input line 575.
Package atveryend Info: Executing hook `AtEndAfterFileList' on input line 575.
Package rerunfilecheck Info: File `Main_Thesis.out' has not changed.
(rerunfilecheck)             Checksum: D20F8B30E32AD07306EFAF30441C5C9B;3072.


LaTeX Warning: There were undefined references.


LaTeX Warning: There were multiply-defined labels.

Package atveryend Info: Empty hook `AtVeryVeryEnd' on input line 575.
 )
(\end occurred inside a group at level 2)

### simple group (level 2) entered at line 285 ({)
### simple group (level 1) entered at line 275 ({)
### bottom level 
Here is how much of TeX's memory you used:
 14612 strings out of 492982
 220870 string characters out of 6134896
 350903 words of memory out of 5000000
 17649 multiletter control sequences out of 15000+600000
 75050 words of font info for 63 fonts, out of 8000000 for 9000
 1159 hyphenation exceptions out of 8191
 51i,12n,46p,1694b,606s stack positions out of 5000i,500n,10000p,200000b,80000s
{/usr/share/texmf/fonts/enc/dvips/lm/lm-ec.enc}{/usr/share/texm
f/fonts/enc/dvips/lm/lm-mathsy.enc}{/usr/share/texmf/fonts/enc/dvips/lm/lm-rm.e
nc}{/usr/share/texmf/fonts/enc/dvips/lm/lm-mathit.enc}</usr/share/texmf/fonts/t
ype1/public/lm/lmbx10.pfb></usr/share/texmf/fonts/type1/public/lm/lmbx12.pfb></
usr/share/texmf/fonts/type1/public/lm/lmcsc10.pfb></usr/share/texmf/fonts/type1
/public/lm/lmmi12.pfb></usr/share/texmf/fonts/type1/public/lm/lmr10.pfb></usr/s
hare/texmf/fonts/type1/public/lm/lmr12.pfb></usr/share/texmf/fonts/type1/public
/lm/lmr8.pfb></usr/share/texmf/fonts/type1/public/lm/lmri10.pfb></usr/share/tex
mf/fonts/type1/public/lm/lmri12.pfb></usr/share/texmf/fonts/type1/public/lm/lms
y10.pfb></usr/share/texmf/fonts/type1/public/lm/lmsy8.pfb></usr/share/texmf/fon
ts/type1/public/lm/lmtt12.pfb>
Output written on Main_Thesis.pdf (48 pages, 22641660 bytes).
PDF statistics:
 1238 PDF objects out of 1440 (max. 8388607)
 819 compressed objects within 9 object streams
 140 named destinations out of 1000 (max. 500000)
 611 words of extra memory for PDF output out of 10000 (max. 10000000)

