\BOOKMARK [0][-]{section*.1}{Contents}{}% 1
\BOOKMARK [0][-]{chapter.1}{INTRODUCTION}{}% 2
\BOOKMARK [1][-]{section.1.1}{Introduction}{chapter.1}% 3
\BOOKMARK [0][-]{chapter.2}{EXPERIMENTAL TECHNIQUES}{}% 4
\BOOKMARK [1][-]{section.2.1}{Introduction}{chapter.2}% 5
\BOOKMARK [1][-]{section.2.2}{Fabrication TechniquesSamples were fabricated by collaborators \(Dr. Jeffry A. Kelber's Group\) at University of North Texas}{chapter.2}% 6
\BOOKMARK [2][-]{subsection.2.2.1}{Electron Beam Induced Cross-linking \(EBIC\) MCPPasquale, Pasquale2013, Robinson2013, PasqualeASS, MRBCMLBLUE15643}{section.2.2}% 7
\BOOKMARK [2][-]{subsection.2.2.2}{Plasma-Enhanced Chemical Vapor Deposition \(PECVD\) Robinson2013, BinSCT, EcheverriaAPA, EcheverriaJPDAP}{section.2.2}% 8
\BOOKMARK [2][-]{subsection.2.2.3}{ X-ray Photoelectron Spectroscopy \(XPS\)}{section.2.2}% 9
\BOOKMARK [2][-]{subsection.2.2.4}{Spectroscopy Measurements}{section.2.2}% 10
\BOOKMARK [3][-]{subsubsection.2.2.4.1}{Variable angle spectroscopic ellipsometry \(VASE\)}{subsection.2.2.4}% 11
\BOOKMARK [3][-]{subsubsection.2.2.4.2}{Raman Spectroscopy}{subsection.2.2.4}% 12
\BOOKMARK [2][-]{subsection.2.2.5}{Electrical Measurements}{section.2.2}% 13
\BOOKMARK [0][-]{section*.15}{Bibliography}{}% 14
\BOOKMARK [0][-]{chapter.3}{CONTACTS}{}% 15
\BOOKMARK [1][-]{section.3.1}{Introduction}{chapter.3}% 16
\BOOKMARK [0][-]{chapter.4}{PYRIDINE}{}% 17
\BOOKMARK [1][-]{section.4.1}{Introduction}{chapter.4}% 18
\BOOKMARK [0][-]{chapter.5}{ANILINE}{}% 19
\BOOKMARK [1][-]{section.5.1}{Introduction}{chapter.5}% 20
\BOOKMARK [0][-]{chapter.6}{BENZENE}{}% 21
\BOOKMARK [1][-]{section.6.1}{Introduction}{chapter.6}% 22
\BOOKMARK [0][-]{chapter.7}{MAGNETO-RESISTANCE}{}% 23
\BOOKMARK [1][-]{section.7.1}{Introduction}{chapter.7}% 24
\BOOKMARK [0][-]{chapter.8}{CONCLUSIONS}{}% 25
\BOOKMARK [1][-]{section.8.1}{Introduction}{chapter.8}% 26
